<?xml version="1.0" encoding="UTF-8"?>
<!-- Generated by org.testng.reporters.JUnitReportReporter -->
<testsuite hostname="LAPTOP-UAOHRR57" failures="0" tests="2" name="com.sddevops.selenium_maven.eclipse.NewTest" time="2.120" errors="0" timestamp="2023-01-18T02:14:21 SGT" skipped="0">
  <testcase classname="com.sddevops.selenium_maven.eclipse.NewTest" name="checkId" time="0.697"/>
  <testcase classname="com.sddevops.selenium_maven.eclipse.NewTest" name="checkTitle" time="1.423"/>
</testsuite> <!-- com.sddevops.selenium_maven.eclipse.NewTest -->
